-------------------------------------------------------------------------------
Test set: chill.guys.chillUML.repositories.CrcRepositoryTest
-------------------------------------------------------------------------------
Tests run: 2, Failures: 1, Errors: 0, Skipped: 0, Time elapsed: 0.477 s <<< FAILURE! -- in chill.guys.chillUML.repositories.CrcRepositoryTest
chill.guys.chillUML.repositories.CrcRepositoryTest.testFindById -- Time elapsed: 0.443 s <<< FAILURE!
org.opentest4j.AssertionFailedError: expected: <true> but was: <false>
	at org.junit.jupiter.api.AssertionFailureBuilder.build(AssertionFailureBuilder.java:158)
	at org.junit.jupiter.api.AssertionFailureBuilder.buildAndThrow(AssertionFailureBuilder.java:139)
	at org.junit.jupiter.api.AssertTrue.failNotTrue(AssertTrue.java:69)
	at org.junit.jupiter.api.AssertTrue.assertTrue(AssertTrue.java:41)
	at org.junit.jupiter.api.AssertTrue.assertTrue(AssertTrue.java:35)
	at org.junit.jupiter.api.Assertions.assertTrue(Assertions.java:195)
	at chill.guys.chillUML.repositories.CrcRepositoryTest.testFindById(CrcRepositoryTest.java:68)

