-------------------------------------------------------------------------------
Test set: chill.guys.chillUML.domain.UseCaseTest
-------------------------------------------------------------------------------
Tests run: 2, Failures: 1, Errors: 0, Skipped: 0, Time elapsed: 0.025 s <<< FAILURE! -- in chill.guys.chillUML.domain.UseCaseTest
chill.guys.chillUML.domain.UseCaseTest.testUseCaseProjectAssociation -- Time elapsed: 0.009 s <<< FAILURE!
org.opentest4j.AssertionFailedError: expected: not <null>
	at org.junit.jupiter.api.AssertionFailureBuilder.build(AssertionFailureBuilder.java:159)
	at org.junit.jupiter.api.AssertionFailureBuilder.buildAndThrow(AssertionFailureBuilder.java:139)
	at org.junit.jupiter.api.AssertNotNull.failNull(AssertNotNull.java:55)
	at org.junit.jupiter.api.AssertNotNull.assertNotNull(AssertNotNull.java:40)
	at org.junit.jupiter.api.AssertNotNull.assertNotNull(AssertNotNull.java:34)
	at org.junit.jupiter.api.Assertions.assertNotNull(Assertions.java:325)
	at chill.guys.chillUML.domain.UseCaseTest.testUseCaseProjectAssociation(UseCaseTest.java:58)

