<?xml version="1.0" encoding="UTF-8"?>
<testsuite xmlns:xsi="http://www.w3.org/2001/XMLSchema-instance" xsi:noNamespaceSchemaLocation="https://maven.apache.org/surefire/maven-surefire-plugin/xsd/surefire-test-report.xsd" version="3.0.2" name="chill.guys.chillUML.repositories.CrcRepositoryTest" time="0.1" tests="3" errors="0" skipped="0" failures="0">
  <properties>
[...]
</properties>
  <testcase name="testFindById" classname="chill.guys.chillUML.repositories.CrcRepositoryTest" time="0.014">
    <system-out><![CDATA[2026-05-22T21:14:55.903+03:00  INFO 89570 --- [           main] t.c.s.AnnotationConfigContextLoaderUtils : Could not detect default configuration classes for test class [chill.guys.chillUML.repositories.CrcRepositoryTest]: CrcRepositoryTest does not declare any static, non-private, non-final, nested classes annotated with @Configuration.
2026-05-22T21:14:55.904+03:00  INFO 89570 --- [           main] .b.t.c.SpringBootTestContextBootstrapper : Found @SpringBootConfiguration chill.guys.chillUML.ChillUmlApplication for test class chill.guys.chillUML.repositories.CrcRepositoryTest
Hibernate: 
    select
        u1_0.id,
        u1_0.email,
        u1_0.password,
        u1_0.profile_picture,
        u1_0.username 
    from
        users u1_0 
    where
        u1_0.username=?
Hibernate: 
    select
        p1_0.id,
        p1_0.owner,
        p1_0.project_description,
        p1_0.name 
    from
        projects p1_0 
    where
        p1_0.name=? 
        and p1_0.owner=?
Hibernate: 
    insert 
    into
        crc
        (crc_name, project_id, crc_id) 
    values
        (?, ?, default)
]]></system-out>
  </testcase>
  <testcase name="testDeleteCRC" classname="chill.guys.chillUML.repositories.CrcRepositoryTest" time="0.055">
    <system-out><![CDATA[Hibernate: 
    select
        u1_0.id,
        u1_0.email,
        u1_0.password,
        u1_0.profile_picture,
        u1_0.username 
    from
        users u1_0 
    where
        u1_0.username=?
Hibernate: 
    select
        p1_0.id,
        p1_0.owner,
        p1_0.project_description,
        p1_0.name 
    from
        projects p1_0 
    where
        p1_0.name=? 
        and p1_0.owner=?
Hibernate: 
    insert 
    into
        crc
        (crc_name, project_id, crc_id) 
    values
        (?, ?, default)
Hibernate: 
    insert 
    into
        crc
        (crc_name, project_id, crc_id) 
    values
        (?, ?, default)
Hibernate: 
    insert 
    into
        crc
        (crc_name, project_id, crc_id) 
    values
        (?, ?, default)
Hibernate: 
    insert 
    into
        usecases
        (mainflow, postcond, project_id, usecase_name, usecase_id) 
    values
        (?, ?, ?, ?, default)
Hibernate: 
    insert 
    into
        usecases
        (mainflow, postcond, project_id, usecase_name, usecase_id) 
    values
        (?, ?, ?, ?, default)
Hibernate: 
    insert 
    into
        crc_collaborators
        (crc_id, collaborator_id) 
    values
        (?, ?)
Hibernate: 
    insert 
    into
        crc_collaborators
        (crc_id, collaborator_id) 
    values
        (?, ?)
Hibernate: 
    insert 
    into
        crc_collaborators
        (crc_id, collaborator_id) 
    values
        (?, ?)
Hibernate: 
    insert 
    into
        crc_collaborators
        (crc_id, collaborator_id) 
    values
        (?, ?)
Hibernate: 
    insert 
    into
        crc_linked
        (crc_id, usecase_id) 
    values
        (?, ?)
Hibernate: 
    insert 
    into
        crc_linked
        (crc_id, usecase_id) 
    values
        (?, ?)
Hibernate: 
    insert 
    into
        crc_responsibilities
        (crc_id, responsibilities) 
    values
        (?, ?)
Hibernate: 
    insert 
    into
        crc_responsibilities
        (crc_id, responsibilities) 
    values
        (?, ?)
Hibernate: 
    insert 
    into
        crc_collaborators
        (crc_id, collaborator_id) 
    values
        (?, ?)
Hibernate: 
    insert 
    into
        crc_collaborators
        (crc_id, collaborator_id) 
    values
        (?, ?)
Hibernate: 
    select
        c1_0.crc_id,
        c1_0.crc_name,
        c1_0.project_id 
    from
        crc c1_0 
    where
        c1_0.crc_name=? 
        and c1_0.project_id=?
Hibernate: 
    delete 
    from
        crc_collaborators 
    where
        crc_id=?
Hibernate: 
    delete 
    from
        crc_linked 
    where
        crc_id=?
Hibernate: 
    delete 
    from
        crc_responsibilities 
    where
        crc_id=?
Hibernate: 
    delete 
    from
        crc_collaborators 
    where
        crc_id=?
Hibernate: 
    insert 
    into
        crc_collaborators
        (crc_id, collaborator_id) 
    values
        (?, ?)
Hibernate: 
    delete 
    from
        crc_collaborators 
    where
        crc_id=?
Hibernate: 
    insert 
    into
        crc_collaborators
        (crc_id, collaborator_id) 
    values
        (?, ?)
Hibernate: 
    delete 
    from
        crc 
    where
        crc_id=?
Hibernate: 
    select
        c1_0.crc_id,
        c1_0.crc_name,
        c1_0.project_id 
    from
        crc c1_0 
    where
        c1_0.crc_name=? 
        and c1_0.project_id=?
]]></system-out>
  </testcase>
  <testcase name="testFindByCrcNameAndProjectID" classname="chill.guys.chillUML.repositories.CrcRepositoryTest" time="0.021">
    <system-out><![CDATA[Hibernate: 
    select
        u1_0.id,
        u1_0.email,
        u1_0.password,
        u1_0.profile_picture,
        u1_0.username 
    from
        users u1_0 
    where
        u1_0.username=?
Hibernate: 
    select
        p1_0.id,
        p1_0.owner,
        p1_0.project_description,
        p1_0.name 
    from
        projects p1_0 
    where
        p1_0.name=? 
        and p1_0.owner=?
Hibernate: 
    insert 
    into
        crc
        (crc_name, project_id, crc_id) 
    values
        (?, ?, default)
Hibernate: 
    insert 
    into
        crc
        (crc_name, project_id, crc_id) 
    values
        (?, ?, default)
Hibernate: 
    insert 
    into
        crc
        (crc_name, project_id, crc_id) 
    values
        (?, ?, default)
Hibernate: 
    insert 
    into
        usecases
        (mainflow, postcond, project_id, usecase_name, usecase_id) 
    values
        (?, ?, ?, ?, default)
Hibernate: 
    insert 
    into
        usecases
        (mainflow, postcond, project_id, usecase_name, usecase_id) 
    values
        (?, ?, ?, ?, default)
Hibernate: 
    select
        c1_0.crc_id,
        c1_0.crc_name,
        c1_0.project_id 
    from
        crc c1_0 
    where
        c1_0.crc_name=? 
        and c1_0.project_id=?
]]></system-out>
  </testcase>
</testsuite>